\BOOKMARK [1][-]{section.1}{\376\377\144\130\211\201}{}% 1
\BOOKMARK [1][-]{section.2}{\376\377\127\372\147\054\123\237\164\006}{}% 2
\BOOKMARK [2][-]{subsection.2.1}{\376\377\151\202\217\360}{section.2}% 3
\BOOKMARK [2][-]{subsection.2.2}{\376\377\153\143\123\315\124\021\121\111\176\277\217\375\216\052}{section.2}% 4
\BOOKMARK [2][-]{subsection.2.3}{\376\377\162\151\164\006\152\041\127\213}{section.2}% 5
\BOOKMARK [2][-]{subsection.2.4}{\376\377\127\050\213\241\173\227\147\072\000G\000P\000U\116\012\122\051\165\050\000O\000p\000e\000n\000G\000L\133\236\163\260}{section.2}% 6
\BOOKMARK [1][-]{section.3}{\376\377\164\006\213\272\143\250\133\374}{}% 7
\BOOKMARK [2][-]{subsection.3.1}{\376\377\127\372\147\054\152\041\127\213\166\204\145\160\133\146\143\317\217\360}{section.3}% 8
\BOOKMARK [3][-]{subsubsection.3.1.1}{\376\377\230\234\202\162\152\041\127\213}{subsection.3.1}% 9
\BOOKMARK [3][-]{subsubsection.3.1.2}{\376\377\121\111\176\277\152\041\127\213}{subsection.3.1}% 10
\BOOKMARK [3][-]{subsubsection.3.1.3}{\376\377\160\271\121\111\156\220\152\041\127\213}{subsection.3.1}% 11
\BOOKMARK [3][-]{subsubsection.3.1.4}{\376\377\136\163\227\142\152\041\127\213}{subsection.3.1}% 12
\BOOKMARK [3][-]{subsubsection.3.1.5}{\376\377\116\011\211\322\137\142\152\041\127\213}{subsection.3.1}% 13
\BOOKMARK [3][-]{subsubsection.3.1.6}{\376\377\164\003\137\142\152\041\127\213}{subsection.3.1}% 14
\BOOKMARK [3][-]{subsubsection.3.1.7}{\376\377\127\006\166\330\152\041\127\213}{subsection.3.1}% 15
\BOOKMARK [3][-]{subsubsection.3.1.8}{\376\377\127\006\147\361\152\041\127\213}{subsection.3.1}% 16
\BOOKMARK [3][-]{subsubsection.3.1.9}{\376\377\127\006\225\045\152\041\127\213}{subsection.3.1}% 17
\BOOKMARK [3][-]{subsubsection.3.1.10}{\376\377\123\005\126\364\166\322\152\041\127\213}{subsection.3.1}% 18
\BOOKMARK [2][-]{subsection.3.2}{\376\377\166\370\116\244\155\113\213\325\166\204\143\250\133\374}{section.3}% 19
\BOOKMARK [3][-]{subsubsection.3.2.1}{\376\377\136\163\227\142}{subsection.3.2}% 20
\BOOKMARK [3][-]{subsubsection.3.2.2}{\376\377\116\011\211\322\137\142}{subsection.3.2}% 21
\BOOKMARK [3][-]{subsubsection.3.2.3}{\376\377\164\003\137\142}{subsection.3.2}% 22
\BOOKMARK [3][-]{subsubsection.3.2.4}{\376\377\127\006\166\330}{subsection.3.2}% 23
\BOOKMARK [3][-]{subsubsection.3.2.5}{\376\377\127\006\147\361}{subsection.3.2}% 24
\BOOKMARK [3][-]{subsubsection.3.2.6}{\376\377\127\006\225\045}{subsection.3.2}% 25
\BOOKMARK [3][-]{subsubsection.3.2.7}{\376\377\123\005\126\364\166\322}{subsection.3.2}% 26
\BOOKMARK [2][-]{subsection.3.3}{\376\377\121\111\176\277\145\110\147\234\166\204\152\041\142\337}{section.3}% 27
\BOOKMARK [3][-]{subsubsection.3.3.1}{\376\377\225\134\227\142\123\315\134\004}{subsection.3.3}% 28
\BOOKMARK [3][-]{subsubsection.3.3.2}{\376\377\142\230\134\004}{subsection.3.3}% 29
\BOOKMARK [3][-]{subsubsection.3.3.3}{\376\377\160\271\121\111\156\220\157\053\123\315\134\004}{subsection.3.3}% 30
\BOOKMARK [3][-]{subsubsection.3.3.4}{\376\377\201\352\123\321\121\111}{subsection.3.3}% 31
\BOOKMARK [3][-]{subsubsection.3.3.5}{\376\377\210\160\121\317}{subsection.3.3}% 32
\BOOKMARK [3][-]{subsubsection.3.3.6}{\376\377\147\102\230\171}{subsection.3.3}% 33
